Starting Database Engine...
Waiting for clients...
Starting Database Engine...
Waiting for clients...
Starting Database Engine...
Waiting for clients...
127.0.0.1 Connected
2011-11-04 06:27:25:650
Instruction: Login
Logon success
2011-11-04 06:27:25:651
Data Length:10
2011-11-04 06:27:25:744
Instruction: SQL
2011-11-04 06:27:25:822
Data Length:1098788
2011-11-04 06:27:28:903
Instruction: SQL
2011-11-04 06:27:28:906
Data Length:3199
2011-11-04 06:27:29:303
Instruction: SQL
2011-11-04 06:27:29:310
Data Length:9424
2011-11-04 06:27:29:869
Instruction: SQL
2011-11-04 06:27:29:876
Data Length:1098788
127.0.0.1 DisConnected
Starting Database Engine...
Waiting for clients...
127.0.0.1 Connected
2011-11-04 06:34:11:186
Instruction: Login
Logon success
2011-11-04 06:34:11:188
Data Length:10
2011-11-04 06:34:11:231
Instruction: SQL
2011-11-04 06:34:11:258
Data Length:1098788
127.0.0.1 Connected
2011-11-04 06:34:17:911
Instruction: Login
Logon success
2011-11-04 06:34:17:912
Data Length:10
2011-11-04 06:34:18:005
Instruction: SQL
2011-11-04 06:34:18:013
Data Length:1098788
2011-11-04 06:34:20:570
Instruction: SQL
2011-11-04 06:34:20:573
Data Length:3199
2011-11-04 06:34:20:950
Instruction: SQL
2011-11-04 06:34:20:957
Data Length:9424
2011-11-04 06:34:28:470
Instruction: SQL
2011-11-04 06:34:28:478
Data Length:1098788
2011-11-04 06:34:38:039
Instruction: SQL
2011-11-04 06:34:38:049
Data Length:14
2011-11-04 06:34:39:728
Instruction: SQL
2011-11-04 06:34:39:731
Data Length:9424
2011-11-04 06:34:40:250
Instruction: SQL
2011-11-04 06:34:40:252
Data Length:3199
2011-11-04 06:34:40:833
Instruction: SQL
2011-11-04 06:34:40:840
Data Length:1098794
2011-11-04 06:34:43:781
Instruction: SQL
2011-11-04 06:34:43:792
Data Length:14
2011-11-04 06:34:44:991
Instruction: SQL
2011-11-04 06:34:44:994
Data Length:9424
2011-11-04 06:34:45:692
Instruction: SQL
2011-11-04 06:34:45:699
Data Length:1098788
2011-11-04 06:34:46:491
Instruction: SQL
2011-11-04 06:34:46:495
Data Length:9424
127.0.0.1 DisConnected
